<?xml version="1.0" encoding="UTF-8"?>
<!-- Generated by org.testng.reporters.JUnitXMLReporter -->
<testsuite ignored="6" hostname="LAPTOP-J3VMKR37" failures="1" tests="2" name="Test" time="0.053" errors="0" timestamp="11 Jan 2024 04:59:41 GMT">
  <testcase classname="verify_functionality.User_session" name="do_lonin" time="0.006">
    <failure type="java.lang.NullPointerException" message="Cannot invoke &amp;quot;java.util.Properties.getProperty(String)&amp;quot; because &amp;quot;this.uatprop&amp;quot; is null">
      <![CDATA[java.lang.NullPointerException: Cannot invoke "java.util.Properties.getProperty(String)" because "this.uatprop" is null
at functionality.Generic_functionality.open_broweser(Generic_functionality.java:25)
at verify_functionality.User_session.do_lonin(User_session.java:9)
... Removed 25 stack frames]]>
    </failure>
  </testcase> <!-- do_lonin -->
  <testcase classname="verify_functionality.Portfolio_managment" name="create_portfolio" time="0.002"/>
  <testcase classname="verify_functionality.User_session" name="do_logout" time="0.0">
    <ignored/>
  </testcase> <!-- do_logout -->
  <testcase classname="verify_functionality.Portfolio_managment" name="update_portfolio" time="0.0">
    <ignored/>
  </testcase> <!-- update_portfolio -->
  <testcase classname="verify_functionality.Base_class" name="f" time="0.0">
    <ignored/>
  </testcase> <!-- f -->
  <testcase classname="verify_functionality.Base_class" name="f" time="0.0">
    <ignored/>
  </testcase> <!-- f -->
  <testcase classname="verify_functionality.Base_class" name="@BeforeTest beforeTest" time="0.0">
    <ignored/>
  </testcase> <!-- @BeforeTest beforeTest -->
  <testcase classname="verify_functionality.Portfolio_managment" name="delete_portfolio" time="0.0">
    <ignored/>
  </testcase> <!-- delete_portfolio -->
</testsuite> <!-- Test -->
