<?xml version="1.0" encoding="UTF-8"?>
<!-- Generated by org.testng.reporters.JUnitXMLReporter -->
<testsuite ignored="0" hostname="LAPTOP-J3VMKR37" failures="0" tests="3" name="Default test" time="171.217" errors="0" timestamp="11 Jan 2024 05:06:14 GMT">
  <testcase classname="verify_functionality.Base_class" name="f" time="0.006"/>
  <testcase classname="verify_functionality.User_session" name="do_login" time="171.166"/>
  <testcase classname="verify_functionality.User_session" name="do_logout" time="0.002"/>
</testsuite> <!-- Default test -->
