<?xml version="1.0" encoding="UTF-8"?>
<!-- Generated by org.testng.reporters.JUnitXMLReporter -->
<testsuite ignored="0" hostname="LAPTOP-J3VMKR37" failures="0" tests="6" name="Test 01" time="0.076" errors="0" timestamp="2023-12-06T09:03:11 IST">
  <testcase classname="TestNG.NewTest_01" name="r" time="0.005"/>
  <testcase classname="TestNG.NewTest_01" name="f" time="0.004"/>
  <testcase classname="TestNG.Invocation" name="f" time="0.002"/>
  <testcase classname="TestNG.Invocation" name="f" time="0.002"/>
  <testcase classname="TestNG.Invocation" name="f" time="0.002"/>
  <testcase classname="TestNG.Invocation" name="g" time="0.001"/>
</testsuite> <!-- Test 01 -->
