<?xml version="1.0" encoding="UTF-8"?>
<testng-results ignored="0" total="1" passed="1" failed="0" skipped="0">
  <reporter-output>
  </reporter-output>
  <suite started-at="2023-12-04T09:50:54 IST" name="Default suite" finished-at="2023-12-04T09:50:54 IST" duration-ms="89">
    <groups>
    </groups>
    <test started-at="2023-12-04T09:50:54 IST" name="Default test" finished-at="2023-12-04T09:50:54 IST" duration-ms="89">
      <class name="_interface.NewTest_1">
        <test-method signature="f()[pri:0, instance:_interface.NewTest_1@d6e7bab]" started-at="2023-12-04T09:50:54 IST" name="f" finished-at="2023-12-04T09:50:54 IST" duration-ms="15" status="PASS">
          <reporter-output>
          </reporter-output>
        </test-method> <!-- f -->
      </class> <!-- _interface.NewTest_1 -->
    </test> <!-- Default test -->
  </suite> <!-- Default suite -->
</testng-results>
