<?xml version="1.0" encoding="UTF-8"?>
<testng-results ignored="0" total="1" passed="1" failed="0" skipped="0">
  <reporter-output>
  </reporter-output>
  <suite started-at="2023-12-23T05:50:37Z" name="Default suite" finished-at="2023-12-23T05:50:45Z" duration-ms="7851">
    <groups>
    </groups>
    <test started-at="2023-12-23T05:50:37Z" name="Default test" finished-at="2023-12-23T05:50:45Z" duration-ms="7851">
      <class name="POM_execution.PomSignIN">
        <test-method is-config="true" signature="Invoke_browser()[pri:0, instance:POM_execution.PomSignIN@455b6df1]" started-at="2023-12-23T05:50:37Z" name="Invoke_browser" finished-at="2023-12-23T05:50:43Z" duration-ms="6371" status="PASS">
          <reporter-output>
          </reporter-output>
        </test-method> <!-- Invoke_browser -->
        <test-method signature="Verify_user_signin()[pri:0, instance:POM_execution.PomSignIN@455b6df1]" started-at="2023-12-23T05:50:43Z" name="Verify_user_signin" finished-at="2023-12-23T05:50:45Z" duration-ms="1450" status="PASS">
          <reporter-output>
          </reporter-output>
        </test-method> <!-- Verify_user_signin -->
        <test-method is-config="true" signature="afterMethod()[pri:0, instance:POM_execution.PomSignIN@455b6df1]" started-at="2023-12-23T05:50:45Z" name="afterMethod" finished-at="2023-12-23T05:50:45Z" duration-ms="0" status="PASS">
          <reporter-output>
          </reporter-output>
        </test-method> <!-- afterMethod -->
      </class> <!-- POM_execution.PomSignIN -->
    </test> <!-- Default test -->
  </suite> <!-- Default suite -->
</testng-results>
